[natural-prostate-cure.netlify.app/index.html]
[backblue.gif]
[fade.gif]
[index.html]
[cdn.jsdelivr.net/npm/bootstrap@4.5.3/dist/css/bootstrap.min.css]
[maxcdn.bootstrapcdn.com/font-awesome/4.5.0/css/font-awesome.min.css]
[natural-prostate-cure.netlify.app/blives.xyz/index.2.delayed]
[natural-prostate-cure.netlify.app/boblives.css]
[cdnjs.cloudflare.com/ajax/libs/font-awesome/4.7.0/css/font-awesome.min.css]
[cdn.jsdelivr.net/npm/bootstrap@5.2.0-beta1/dist/css/bootstrap.min.css]
[code.jquery.com/jquery-3.5.1.min.js]
[cdn.jsdelivr.net/npm/bootstrap@4.5.3/dist/js/bootstrap.min.js]
[natural-prostate-cure.netlify.app/img/logos.png]
[natural-prostate-cure.netlify.app/blog.html]
[natural-prostate-cure.netlify.app/about.html]
[natural-prostate-cure.netlify.app/img/rush.gif]
[natural-prostate-cure.netlify.app/img/catheter.jpg]
[natural-prostate-cure.netlify.app/img/prowel.jpg]
[natural-prostate-cure.netlify.app/img/fib.jpg]
[natural-prostate-cure.netlify.app/img/tfake.jpg]
[natural-prostate-cure.netlify.app/img/police.png]
[natural-prostate-cure.netlify.app/img/haruna.jpg]
[natural-prostate-cure.netlify.app/img/bp1.png]
[natural-prostate-cure.netlify.app/img/bp2.png]
[natural-prostate-cure.netlify.app/img/person2.jpg]
[natural-prostate-cure.netlify.app/img/person4.jpg]
[natural-prostate-cure.netlify.app/img/punch.png]
[natural-prostate-cure.netlify.app/img/sample.jpg]
[natural-prostate-cure.netlify.app/bloge.html]
[natural-prostate-cure.netlify.app/blogr.1a.delayed]
[natural-prostate-cure.netlify.app/blogc.1b.delayed]
[natural-prostate-cure.netlify.app/blogd.1c.delayed]
[natural-prostate-cure.netlify.app/blogf.html]
[natural-prostate-cure.netlify.app/img/ripped.1e.delayed]
[natural-prostate-cure.netlify.app/img/stamp.1f.delayed]
[natural-prostate-cure.netlify.app/yourscript.js]
[natural-prostate-cure.netlify.app/index.html]
[cdn.jsdelivr.net/npm/bootstrap@4.5.3/dist/css/bootstrap.min.css]
[maxcdn.bootstrapcdn.com/font-awesome/4.5.0/css/font-awesome.min.css]
[natural-prostate-cure.netlify.app/blives.xyz/index.html]
[natural-prostate-cure.netlify.app/boblives.css]
[cdnjs.cloudflare.com/ajax/libs/font-awesome/4.7.0/css/font-awesome.min.css]
[cdn.jsdelivr.net/npm/bootstrap@5.2.0-beta1/dist/css/bootstrap.min.css]
[natural-prostate-cure.netlify.app/blives.xyz/blog.21.delayed]
[natural-prostate-cure.netlify.app/blog.html]
[natural-prostate-cure.netlify.app/blives.css]
[natural-prostate-cure.netlify.app/blives.xyz/about.23.delayed]
[natural-prostate-cure.netlify.app/about.html]
[natural-prostate-cure.netlify.app/img/whatsapp.png]
[natural-prostate-cure.netlify.app/blives.xyz/bloge.24.delayed]
[natural-prostate-cure.netlify.app/blog.blives.26.delayed]
[natural-prostate-cure.netlify.app/bloge.html]
[natural-prostate-cure.netlify.app/blogr.html]
[natural-prostate-cure.netlify.app/blogc.html]
[natural-prostate-cure.netlify.app/blogd.html]
[natural-prostate-cure.netlify.app/blogf.html]
[natural-prostate-cure.netlify.app/img/ripped.html]
[natural-prostate-cure.netlify.app/img/stamp.html]
[natural-prostate-cure.netlify.app/blives.xyz/blog.html]
[natural-prostate-cure.netlify.app/blives.css]
[natural-prostate-cure.netlify.app/blives.xyz/about.html]
[natural-prostate-cure.netlify.app/blives.xyz/bloge.html]
[natural-prostate-cure.netlify.app/blog.blives.html]
